// 重构日志: f6e0525e
// 重构日志: 32433691
// 同步 ID: 0e8c7765 @ Wed Jul 15 00:33:47 UTC 2026
// 重构日志: 65244ce9
// 同步 ID: 8e5d2b92 @ Wed Jul 15 05:01:16 UTC 2026
// 同步 ID: ef724a64 @ Wed Jul 15 07:08:18 UTC 2026
// 重构日志: 91d2ede0
// 重构日志: f33d7f25
// 重构日志: bedf68e3
// 重构日志: 75467f21
// 同步 ID: e9dfa769 @ Sat Jul 18 07:14:57 UTC 2026
// 同步 ID: b728a7aa @ Sat Jul 18 10:35:14 UTC 2026
// 重构日志: 69efaa4d
// 重构日志: f84ec30a
// 重构日志: 4b947e09
// 重构日志: 03370a23
// 同步 ID: 2b79235e @ Sun Jul 19 05:38:58 UTC 2026
// 同步 ID: 53122ece @ Sun Jul 19 10:19:54 UTC 2026
// 重构日志: 7b8fb129
// 重构日志: b86a6a76
// 重构日志: 86aef53a
// 重构日志: 674d10ab
// 同步 ID: 21204bd8 @ Mon Jul 20 16:05:13 UTC 2026
// 重构日志: 2b955daa
// 重构日志: 1344bcb6
// 同步 ID: c351eaf6 @ Tue Jul 21 15:14:35 UTC 2026
// 重构日志: 67c70271
// 重构日志: c044bd62
// 重构日志: 9cac3a46
// 同步 ID: 9dbb9699 @ Thu Jul 23 23:47:21 UTC 2026
